{"C:\\Users\\DOGGED\\Desktop\\ultimate folder\\All website\\REVAMP_BACKEND\\API\\AUTOSTOREAPI\\src\\utils.ts": {"path":"C:\\Users\\DOGGED\\Desktop\\ultimate folder\\All website\\REVAMP_BACKEND\\API\\AUTOSTOREAPI\\src\\utils.ts","statementMap":{"0":{"start":{"line":1,"column":19},"end":{"line":3,"column":1}},"1":{"start":{"line":2,"column":2},"end":{"line":2,"column":15}},"2":{"start":{"line":1,"column":13},"end":{"line":1,"column":19}}},"fnMap":{"0":{"name":"(anonymous_0)","decl":{"start":{"line":1,"column":19},"end":{"line":1,"column":20}},"loc":{"start":{"line":1,"column":44},"end":{"line":3,"column":1}}}},"branchMap":{},"s":{"0":1,"1":1,"2":1},"f":{"0":1},"b":{}}
}
